<?xml version="1.0" encoding="UTF-8"?>
<coverage generated="1788592815499" clover="3.2.0">
  <project timestamp="1788592815499" name="All files">
    <metrics statements="26" coveredstatements="24" conditionals="4" coveredconditionals="3" methods="11" coveredmethods="10" elements="41" coveredelements="37" complexity="0" loc="26" ncloc="26" packages="1" files="2" classes="2"/>
    <file name="Body.jsx" path="C:\Users\KRISHNA VAMSI\namaste-react\src\components\Body.jsx">
      <metrics statements="2" coveredstatements="2" conditionals="0" coveredconditionals="0" methods="1" coveredmethods="1"/>
      <line num="4" count="1" type="stmt"/>
      <line num="5" count="1" type="stmt"/>
    </file>
    <file name="RestaurantContainer.jsx" path="C:\Users\KRISHNA VAMSI\namaste-react\src\components\RestaurantContainer.jsx">
      <metrics statements="24" coveredstatements="22" conditionals="4" coveredconditionals="3" methods="10" coveredmethods="9"/>
      <line num="8" count="1" type="stmt"/>
      <line num="9" count="7" type="stmt"/>
      <line num="10" count="7" type="stmt"/>
      <line num="12" count="7" type="stmt"/>
      <line num="14" count="7" type="stmt"/>
      <line num="15" count="7" type="stmt"/>
      <line num="16" count="2" type="stmt"/>
      <line num="19" count="7" type="stmt"/>
      <line num="20" count="2" type="stmt"/>
      <line num="22" count="40" type="stmt"/>
      <line num="26" count="7" type="stmt"/>
      <line num="27" count="1" type="stmt"/>
      <line num="28" count="20" type="stmt"/>
      <line num="32" count="7" type="cond" truecount="2" falsecount="0"/>
      <line num="33" count="2" type="stmt"/>
      <line num="36" count="5" type="cond" truecount="1" falsecount="1"/>
      <line num="37" count="0" type="stmt"/>
      <line num="49" count="5" type="stmt"/>
      <line num="71" count="1" type="stmt"/>
      <line num="72" count="1" type="stmt"/>
      <line num="73" count="1" type="stmt"/>
      <line num="80" count="1" type="stmt"/>
      <line num="95" count="0" type="stmt"/>
      <line num="103" count="34" type="stmt"/>
    </file>
  </project>
</coverage>
