{"C:\\Users\\KRISHNA VAMSI\\namaste-react\\src\\components\\Body.jsx": {"path":"C:\\Users\\KRISHNA VAMSI\\namaste-react\\src\\components\\Body.jsx","statementMap":{"0":{"start":{"line":4,"column":13},"end":{"line":10,"column":1}},"1":{"start":{"line":5,"column":2},"end":{"line":9,"column":4}}},"fnMap":{"0":{"name":"(anonymous_0)","decl":{"start":{"line":4,"column":13},"end":{"line":4,"column":14}},"loc":{"start":{"line":4,"column":19},"end":{"line":10,"column":1}},"line":4}},"branchMap":{},"s":{"0":1,"1":1},"f":{"0":1},"b":{},"_coverageSchema":"1a1c01bbd47fc00a2c39e90264f33305004495a9","hash":"e666a4712379c60e484b906fe999e93e18d07177"}
,"C:\\Users\\KRISHNA VAMSI\\namaste-react\\src\\components\\RestaurantCard.jsx": {"path":"C:\\Users\\KRISHNA VAMSI\\namaste-react\\src\\components\\RestaurantCard.jsx","statementMap":{"0":{"start":{"line":2,"column":23},"end":{"line":47,"column":1}},"1":{"start":{"line":10,"column":6},"end":{"line":10,"column":20}},"2":{"start":{"line":11,"column":19},"end":{"line":13,"column":109}},"3":{"start":{"line":14,"column":2},"end":{"line":46,"column":4}}},"fnMap":{"0":{"name":"(anonymous_0)","decl":{"start":{"line":2,"column":23},"end":{"line":2,"column":24}},"loc":{"start":{"line":2,"column":34},"end":{"line":47,"column":1}},"line":2}},"branchMap":{"0":{"loc":{"start":{"line":11,"column":19},"end":{"line":13,"column":109}},"type":"cond-expr","locations":[{"start":{"line":12,"column":6},"end":{"line":12,"column":23}},{"start":{"line":13,"column":6},"end":{"line":13,"column":109}}],"line":11},"1":{"loc":{"start":{"line":29,"column":13},"end":{"line":29,"column":69}},"type":"cond-expr","locations":[{"start":{"line":29,"column":39},"end":{"line":29,"column":58}},{"start":{"line":29,"column":61},"end":{"line":29,"column":69}}],"line":29}},"s":{"0":2,"1":10,"2":10,"3":10},"f":{"0":10},"b":{"0":[0,10],"1":[10,0]},"_coverageSchema":"1a1c01bbd47fc00a2c39e90264f33305004495a9","hash":"091055dfa146abf2cb7e928a240f499a6b2c9de2"}
,"C:\\Users\\KRISHNA VAMSI\\namaste-react\\src\\components\\RestaurantContainer.jsx": {"path":"C:\\Users\\KRISHNA VAMSI\\namaste-react\\src\\components\\RestaurantContainer.jsx","statementMap":{"0":{"start":{"line":8,"column":28},"end":{"line":109,"column":1}},"1":{"start":{"line":9,"column":40},"end":{"line":9,"column":52}},"2":{"start":{"line":10,"column":40},"end":{"line":10,"column":52}},"3":{"start":{"line":12,"column":35},"end":{"line":12,"column":51}},"4":{"start":{"line":14,"column":36},"end":{"line":14,"column":59}},"5":{"start":{"line":15,"column":2},"end":{"line":17,"column":20}},"6":{"start":{"line":16,"column":4},"end":{"line":16,"column":32}},"7":{"start":{"line":19,"column":23},"end":{"line":25,"column":3}},"8":{"start":{"line":20,"column":4},"end":{"line":24,"column":6}},"9":{"start":{"line":22,"column":8},"end":{"line":22,"column":61}},"10":{"start":{"line":26,"column":31},"end":{"line":30,"column":3}},"11":{"start":{"line":27,"column":4},"end":{"line":29,"column":6}},"12":{"start":{"line":28,"column":38},"end":{"line":28,"column":69}},"13":{"start":{"line":32,"column":2},"end":{"line":34,"column":3}},"14":{"start":{"line":33,"column":4},"end":{"line":33,"column":23}},"15":{"start":{"line":36,"column":2},"end":{"line":47,"column":3}},"16":{"start":{"line":37,"column":4},"end":{"line":46,"column":6}},"17":{"start":{"line":49,"column":2},"end":{"line":108,"column":4}},"18":{"start":{"line":71,"column":30},"end":{"line":71,"column":44}},"19":{"start":{"line":72,"column":16},"end":{"line":72,"column":38}},"20":{"start":{"line":73,"column":16},"end":{"line":73,"column":36}},"21":{"start":{"line":80,"column":29},"end":{"line":80,"column":54}},"22":{"start":{"line":94,"column":31},"end":{"line":94,"column":58}},"23":{"start":{"line":102,"column":10},"end":{"line":104,"column":17}}},"fnMap":{"0":{"name":"(anonymous_0)","decl":{"start":{"line":8,"column":28},"end":{"line":8,"column":29}},"loc":{"start":{"line":8,"column":34},"end":{"line":109,"column":1}},"line":8},"1":{"name":"(anonymous_1)","decl":{"start":{"line":15,"column":12},"end":{"line":15,"column":13}},"loc":{"start":{"line":15,"column":18},"end":{"line":17,"column":3}},"line":15},"2":{"name":"(anonymous_2)","decl":{"start":{"line":19,"column":23},"end":{"line":19,"column":24}},"loc":{"start":{"line":19,"column":34},"end":{"line":25,"column":3}},"line":19},"3":{"name":"(anonymous_3)","decl":{"start":{"line":21,"column":25},"end":{"line":21,"column":26}},"loc":{"start":{"line":22,"column":8},"end":{"line":22,"column":61}},"line":22},"4":{"name":"(anonymous_4)","decl":{"start":{"line":26,"column":31},"end":{"line":26,"column":32}},"loc":{"start":{"line":26,"column":37},"end":{"line":30,"column":3}},"line":26},"5":{"name":"(anonymous_5)","decl":{"start":{"line":28,"column":25},"end":{"line":28,"column":26}},"loc":{"start":{"line":28,"column":38},"end":{"line":28,"column":69}},"line":28},"6":{"name":"(anonymous_6)","decl":{"start":{"line":70,"column":24},"end":{"line":70,"column":25}},"loc":{"start":{"line":70,"column":31},"end":{"line":74,"column":15}},"line":70},"7":{"name":"(anonymous_7)","decl":{"start":{"line":80,"column":23},"end":{"line":80,"column":24}},"loc":{"start":{"line":80,"column":29},"end":{"line":80,"column":54}},"line":80},"8":{"name":"(anonymous_8)","decl":{"start":{"line":94,"column":24},"end":{"line":94,"column":25}},"loc":{"start":{"line":94,"column":31},"end":{"line":94,"column":58}},"line":94},"9":{"name":"(anonymous_9)","decl":{"start":{"line":101,"column":25},"end":{"line":101,"column":26}},"loc":{"start":{"line":102,"column":10},"end":{"line":104,"column":17}},"line":102}},"branchMap":{"0":{"loc":{"start":{"line":32,"column":2},"end":{"line":34,"column":3}},"type":"if","locations":[{"start":{"line":32,"column":2},"end":{"line":34,"column":3}},{"start":{},"end":{}}],"line":32},"1":{"loc":{"start":{"line":36,"column":2},"end":{"line":47,"column":3}},"type":"if","locations":[{"start":{"line":36,"column":2},"end":{"line":47,"column":3}},{"start":{},"end":{}}],"line":36}},"s":{"0":1,"1":5,"2":5,"3":5,"4":5,"5":5,"6":2,"7":5,"8":1,"9":9,"10":5,"11":0,"12":0,"13":5,"14":2,"15":3,"16":0,"17":3,"18":1,"19":1,"20":1,"21":0,"22":0,"23":9},"f":{"0":5,"1":2,"2":1,"3":9,"4":0,"5":0,"6":1,"7":0,"8":0,"9":9},"b":{"0":[2,3],"1":[0,3]},"_coverageSchema":"1a1c01bbd47fc00a2c39e90264f33305004495a9","hash":"c7d7c1f3bbd5cd7d729ce7b7cee4639f4f3db0ee"}
}
