{"C:\\Users\\KRISHNA VAMSI\\namaste-react\\src\\components\\ContactUs.jsx": {"path":"C:\\Users\\KRISHNA VAMSI\\namaste-react\\src\\components\\ContactUs.jsx","statementMap":{"0":{"start":{"line":3,"column":18},"end":{"line":61,"column":1}},"1":{"start":{"line":4,"column":2},"end":{"line":60,"column":4}}},"fnMap":{"0":{"name":"(anonymous_0)","decl":{"start":{"line":3,"column":18},"end":{"line":3,"column":19}},"loc":{"start":{"line":3,"column":24},"end":{"line":61,"column":1}},"line":3}},"branchMap":{},"s":{"0":1,"1":2},"f":{"0":2},"b":{},"_coverageSchema":"1a1c01bbd47fc00a2c39e90264f33305004495a9","hash":"932412bfbc4006b79a9b64c02958063688dce6b0"}
,"C:\\Users\\KRISHNA VAMSI\\namaste-react\\src\\components\\Header.jsx": {"path":"C:\\Users\\KRISHNA VAMSI\\namaste-react\\src\\components\\Header.jsx","statementMap":{"0":{"start":{"line":9,"column":15},"end":{"line":91,"column":1}},"1":{"start":{"line":10,"column":32},"end":{"line":10,"column":49}},"2":{"start":{"line":12,"column":23},"end":{"line":12,"column":40}},"3":{"start":{"line":13,"column":23},"end":{"line":13,"column":46}},"4":{"start":{"line":15,"column":16},"end":{"line":15,"column":56}},"5":{"start":{"line":15,"column":39},"end":{"line":15,"column":55}},"6":{"start":{"line":17,"column":2},"end":{"line":90,"column":4}},"7":{"start":{"line":78,"column":18},"end":{"line":80,"column":41}}},"fnMap":{"0":{"name":"(anonymous_0)","decl":{"start":{"line":9,"column":15},"end":{"line":9,"column":16}},"loc":{"start":{"line":9,"column":21},"end":{"line":91,"column":1}},"line":9},"1":{"name":"(anonymous_1)","decl":{"start":{"line":15,"column":28},"end":{"line":15,"column":29}},"loc":{"start":{"line":15,"column":39},"end":{"line":15,"column":55}},"line":15},"2":{"name":"(anonymous_2)","decl":{"start":{"line":77,"column":25},"end":{"line":77,"column":26}},"loc":{"start":{"line":78,"column":18},"end":{"line":80,"column":41}},"line":78}},"branchMap":{"0":{"loc":{"start":{"line":25,"column":14},"end":{"line":27,"column":45}},"type":"cond-expr","locations":[{"start":{"line":26,"column":18},"end":{"line":26,"column":51}},{"start":{"line":27,"column":18},"end":{"line":27,"column":45}}],"line":25},"1":{"loc":{"start":{"line":30,"column":13},"end":{"line":30,"column":48}},"type":"cond-expr","locations":[{"start":{"line":30,"column":28},"end":{"line":30,"column":36}},{"start":{"line":30,"column":39},"end":{"line":30,"column":48}}],"line":30},"2":{"loc":{"start":{"line":78,"column":18},"end":{"line":80,"column":41}},"type":"cond-expr","locations":[{"start":{"line":79,"column":22},"end":{"line":79,"column":42}},{"start":{"line":80,"column":22},"end":{"line":80,"column":41}}],"line":78}},"s":{"0":1,"1":1,"2":1,"3":1,"4":1,"5":2,"6":1,"7":0},"f":{"0":1,"1":2,"2":0},"b":{"0":[1,0],"1":[1,0],"2":[0,0]},"_coverageSchema":"1a1c01bbd47fc00a2c39e90264f33305004495a9","hash":"5f29918c1c1e12d04a7d9fb0fdcf9c31307ce654"}
,"C:\\Users\\KRISHNA VAMSI\\namaste-react\\src\\components\\Logo.jsx": {"path":"C:\\Users\\KRISHNA VAMSI\\namaste-react\\src\\components\\Logo.jsx","statementMap":{"0":{"start":{"line":1,"column":13},"end":{"line":7,"column":1}},"1":{"start":{"line":2,"column":2},"end":{"line":6,"column":4}}},"fnMap":{"0":{"name":"(anonymous_0)","decl":{"start":{"line":1,"column":13},"end":{"line":1,"column":14}},"loc":{"start":{"line":2,"column":2},"end":{"line":6,"column":4}},"line":2}},"branchMap":{},"s":{"0":1,"1":1},"f":{"0":1},"b":{},"_coverageSchema":"1a1c01bbd47fc00a2c39e90264f33305004495a9","hash":"ab86f7773ca92f4410bd71614440d05c10277307"}
,"C:\\Users\\KRISHNA VAMSI\\namaste-react\\src\\components\\sum.js": {"path":"C:\\Users\\KRISHNA VAMSI\\namaste-react\\src\\components\\sum.js","statementMap":{"0":{"start":{"line":1,"column":19},"end":{"line":3,"column":1}},"1":{"start":{"line":2,"column":2},"end":{"line":2,"column":15}}},"fnMap":{"0":{"name":"(anonymous_0)","decl":{"start":{"line":1,"column":19},"end":{"line":1,"column":20}},"loc":{"start":{"line":1,"column":29},"end":{"line":3,"column":1}},"line":1}},"branchMap":{},"s":{"0":1,"1":1},"f":{"0":1},"b":{},"_coverageSchema":"1a1c01bbd47fc00a2c39e90264f33305004495a9","hash":"920da9659e66f3fcb94ab57d4d85595d92a0c731"}
,"C:\\Users\\KRISHNA VAMSI\\namaste-react\\src\\contexts\\UserContext.js": {"path":"C:\\Users\\KRISHNA VAMSI\\namaste-react\\src\\contexts\\UserContext.js","statementMap":{"0":{"start":{"line":3,"column":20},"end":{"line":5,"column":2}}},"fnMap":{},"branchMap":{},"s":{"0":1},"f":{},"b":{},"_coverageSchema":"1a1c01bbd47fc00a2c39e90264f33305004495a9","hash":"ad22670edc8db31c7883a890e457eab96496af66"}
,"C:\\Users\\KRISHNA VAMSI\\namaste-react\\src\\hooks\\useOnlineStatus.jsx": {"path":"C:\\Users\\KRISHNA VAMSI\\namaste-react\\src\\hooks\\useOnlineStatus.jsx","statementMap":{"0":{"start":{"line":3,"column":24},"end":{"line":15,"column":1}},"1":{"start":{"line":4,"column":42},"end":{"line":4,"column":56}},"2":{"start":{"line":6,"column":2},"end":{"line":13,"column":9}},"3":{"start":{"line":7,"column":4},"end":{"line":9,"column":7}},"4":{"start":{"line":8,"column":6},"end":{"line":8,"column":28}},"5":{"start":{"line":10,"column":4},"end":{"line":12,"column":7}},"6":{"start":{"line":11,"column":6},"end":{"line":11,"column":29}},"7":{"start":{"line":14,"column":2},"end":{"line":14,"column":22}}},"fnMap":{"0":{"name":"(anonymous_0)","decl":{"start":{"line":3,"column":24},"end":{"line":3,"column":25}},"loc":{"start":{"line":3,"column":30},"end":{"line":15,"column":1}},"line":3},"1":{"name":"(anonymous_1)","decl":{"start":{"line":6,"column":12},"end":{"line":6,"column":13}},"loc":{"start":{"line":6,"column":18},"end":{"line":13,"column":3}},"line":6},"2":{"name":"(anonymous_2)","decl":{"start":{"line":7,"column":38},"end":{"line":7,"column":39}},"loc":{"start":{"line":7,"column":44},"end":{"line":9,"column":5}},"line":7},"3":{"name":"(anonymous_3)","decl":{"start":{"line":10,"column":39},"end":{"line":10,"column":40}},"loc":{"start":{"line":10,"column":45},"end":{"line":12,"column":5}},"line":10}},"branchMap":{},"s":{"0":1,"1":1,"2":1,"3":1,"4":0,"5":1,"6":0,"7":1},"f":{"0":1,"1":1,"2":0,"3":0},"b":{},"_coverageSchema":"1a1c01bbd47fc00a2c39e90264f33305004495a9","hash":"1f4d5701cef1f07e5703e1e897b56bd90be57d99"}
,"C:\\Users\\KRISHNA VAMSI\\namaste-react\\src\\utils\\appStore.js": {"path":"C:\\Users\\KRISHNA VAMSI\\namaste-react\\src\\utils\\appStore.js","statementMap":{"0":{"start":{"line":4,"column":17},"end":{"line":8,"column":2}}},"fnMap":{},"branchMap":{},"s":{"0":1},"f":{},"b":{},"_coverageSchema":"1a1c01bbd47fc00a2c39e90264f33305004495a9","hash":"717ac0893783e2142a7eed0507c74b5391bf6069"}
,"C:\\Users\\KRISHNA VAMSI\\namaste-react\\src\\utils\\reduxSlices\\cartSlice.js": {"path":"C:\\Users\\KRISHNA VAMSI\\namaste-react\\src\\utils\\reduxSlices\\cartSlice.js","statementMap":{"0":{"start":{"line":3,"column":18},"end":{"line":19,"column":2}},"1":{"start":{"line":10,"column":6},"end":{"line":10,"column":39}},"2":{"start":{"line":13,"column":6},"end":{"line":13,"column":24}},"3":{"start":{"line":16,"column":6},"end":{"line":16,"column":23}},"4":{"start":{"line":21,"column":50},"end":{"line":21,"column":67}}},"fnMap":{"0":{"name":"(anonymous_0)","decl":{"start":{"line":9,"column":13},"end":{"line":9,"column":14}},"loc":{"start":{"line":9,"column":32},"end":{"line":11,"column":5}},"line":9},"1":{"name":"(anonymous_1)","decl":{"start":{"line":12,"column":16},"end":{"line":12,"column":17}},"loc":{"start":{"line":12,"column":35},"end":{"line":14,"column":5}},"line":12},"2":{"name":"(anonymous_2)","decl":{"start":{"line":15,"column":15},"end":{"line":15,"column":16}},"loc":{"start":{"line":15,"column":26},"end":{"line":17,"column":5}},"line":15}},"branchMap":{},"s":{"0":1,"1":0,"2":0,"3":0,"4":1},"f":{"0":0,"1":0,"2":0},"b":{},"_coverageSchema":"1a1c01bbd47fc00a2c39e90264f33305004495a9","hash":"994a1a1eaeb7404bf487ca0bce530f0a07aabad8"}
}
