TN:
SF:src\components\Body.jsx
FN:4,(anonymous_0)
FNF:1
FNH:1
FNDA:1,(anonymous_0)
DA:4,1
DA:5,1
LF:2
LH:2
BRF:0
BRH:0
end_of_record
TN:
SF:src\components\RestaurantContainer.jsx
FN:8,(anonymous_0)
FN:15,(anonymous_1)
FN:19,(anonymous_2)
FN:21,(anonymous_3)
FN:26,(anonymous_4)
FN:28,(anonymous_5)
FN:70,(anonymous_6)
FN:80,(anonymous_7)
FN:95,(anonymous_8)
FN:102,(anonymous_9)
FNF:10
FNH:9
FNDA:7,(anonymous_0)
FNDA:2,(anonymous_1)
FNDA:2,(anonymous_2)
FNDA:40,(anonymous_3)
FNDA:1,(anonymous_4)
FNDA:20,(anonymous_5)
FNDA:1,(anonymous_6)
FNDA:1,(anonymous_7)
FNDA:0,(anonymous_8)
FNDA:34,(anonymous_9)
DA:8,1
DA:9,7
DA:10,7
DA:12,7
DA:14,7
DA:15,7
DA:16,2
DA:19,7
DA:20,2
DA:22,40
DA:26,7
DA:27,1
DA:28,20
DA:32,7
DA:33,2
DA:36,5
DA:37,0
DA:49,5
DA:71,1
DA:72,1
DA:73,1
DA:80,1
DA:95,0
DA:103,34
LF:24
LH:22
BRDA:32,0,0,2
BRDA:32,0,1,5
BRDA:36,1,0,0
BRDA:36,1,1,5
BRF:4
BRH:3
end_of_record
